<?xml version="1.0" encoding="UTF-8"?>
<!-- Generated by org.testng.reporters.JUnitReportReporter -->
<testsuite hostname="ATMECSINDT-034" failures="0" tests="1" name="com.atmecs.testscripts.HomePage" time="3.381" errors="0" timestamp="13 Aug 2019 11:13:43 GMT">
  <testcase classname="com.atmecs.testscripts.HomePage" name="homePageTest" time="3.381"/>
</testsuite> <!-- com.atmecs.testscripts.HomePage -->
