<?xml version="1.0" encoding="UTF-8"?>
<!-- Generated by org.testng.reporters.JUnitReportReporter -->
<testsuite hostname="ATMECSINDT-034" failures="0" tests="1" name="com.atmecs.testscripts.AddToCart" time="9.947" errors="0" timestamp="13 Aug 2019 14:04:08 GMT">
  <testcase classname="com.atmecs.testscripts.AddToCart" name="addToCart" time="9.947"/>
</testsuite> <!-- com.atmecs.testscripts.AddToCart -->
