<?xml version="1.0" encoding="UTF-8"?>
<!-- Generated by org.testng.reporters.JUnitReportReporter -->
<testsuite hostname="ATMECSINDT-034" failures="0" tests="1" name="com.atmecs.testscripts.SortByLink" time="0.969" errors="0" timestamp="08 Aug 2019 11:27:57 GMT" skipped="0">
  <testcase classname="com.atmecs.testscripts.SortByLink" name="linksort" time="0.969"/>
</testsuite> <!-- com.atmecs.testscripts.SortByLink -->
