<?xml version="1.0" encoding="UTF-8"?>
<!-- Generated by org.testng.reporters.JUnitReportReporter -->
<testsuite hostname="ATMECSINDT-034" failures="0" tests="1" name="com.atmecs.testscripts.CountProdTest" time="0.524" errors="0" timestamp="08 Aug 2019 09:09:46 GMT" skipped="0">
  <testcase classname="com.atmecs.testscripts.CountProdTest" name="CountProdTest" time="0.524"/>
</testsuite> <!-- com.atmecs.testscripts.CountProdTest -->
