<?xml version="1.0" encoding="UTF-8"?>
<!-- Generated by org.testng.reporters.JUnitReportReporter -->
<testsuite hostname="ATMECSINDT-034" failures="0" tests="1" name="com.atmecs.testscripts.SortingTest" time="1.883" errors="0" timestamp="2019-08-07T10:54:56 IST" skipped="0">
  <testcase classname="com.atmecs.testscripts.SortingTest" name="sortData" time="1.883"/>
</testsuite> <!-- com.atmecs.testscripts.SortingTest -->
