<?xml version="1.0" encoding="UTF-8"?>
<!-- Generated by org.testng.reporters.JUnitReportReporter -->
<testsuite hostname="ATMECSINDT-034" failures="0" tests="1" name="com.atmecs.testscripts.AddToCart" time="5.543" errors="0" timestamp="08 Aug 2019 09:13:33 GMT" skipped="0">
  <testcase classname="com.atmecs.testscripts.AddToCart" name="addToCart" time="5.543"/>
</testsuite> <!-- com.atmecs.testscripts.AddToCart -->
