<?xml version="1.0" encoding="UTF-8"?>
<!-- Generated by org.testng.reporters.JUnitReportReporter -->
<testsuite hostname="ATMECSINDT-034" failures="0" tests="1" name="com.atmecs.testscripts.SortByPrice" time="2.056" errors="0" timestamp="08 Aug 2019 11:54:18 GMT" skipped="0">
  <testcase classname="com.atmecs.testscripts.SortByPrice" name="sortData" time="2.056"/>
</testsuite> <!-- com.atmecs.testscripts.SortByPrice -->
