<?xml version="1.0" encoding="UTF-8"?>
<!-- Generated by org.testng.reporters.JUnitReportReporter -->
<testsuite hostname="ATMECSINDT-034" failures="0" tests="1" name="com.atmecs.testscripts.SortByName" time="2.162" errors="0" timestamp="08 Aug 2019 11:41:34 GMT" skipped="0">
  <testcase classname="com.atmecs.testscripts.SortByName" name="sort" time="2.162"/>
</testsuite> <!-- com.atmecs.testscripts.SortByName -->
