<?xml version="1.0" encoding="UTF-8"?>
<!-- Generated by org.testng.reporters.JUnitReportReporter -->
<testsuite hostname="ATMECSINDT-034" failures="0" tests="1" name="com.atmecs.testscripts.CheckoutTest" time="70.861" errors="0" timestamp="08 Aug 2019 12:46:42 GMT" skipped="0">
  <testcase classname="com.atmecs.testscripts.CheckoutTest" name="checkout" time="70.861"/>
</testsuite> <!-- com.atmecs.testscripts.CheckoutTest -->
